[2019-07-26 12:41:48] START
[2019-07-28 23:54:23] EDIT expte/static/css/bootstrap.min.css: 0
[2019-07-28 23:55:18] EDIT expte/views/layout.html: 0
[2019-07-28 23:56:27] EDIT expte/views/default/index.html: 3
[2019-07-28 23:57:11] EDIT expte/controllers/default.py: 1
[2019-07-29 00:01:34] EDIT expte/static/css/bootstrap.min.css: 0
[2019-07-29 00:03:05] EDIT expte/static/css/bootstrap.min.css: 0
[2019-07-29 00:12:41] EDIT expte/views/layout.html: 1
[2019-07-29 00:14:39] EDIT expte/controllers/default.py: 0
[2019-07-29 00:14:57] EDIT expte/controllers/default.py: 0
[2019-07-29 00:16:47] EDIT expte/controllers/default.py: 0
[2019-07-29 00:17:19] EDIT expte/controllers/default.py: 0
[2019-07-29 00:17:34] EDIT expte/controllers/default.py: 0
[2019-07-29 00:19:25] EDIT expte/controllers/default.py: 0
[2019-07-29 00:21:38] EDIT expte/controllers/default.py: 0
[2019-07-29 00:21:50] EDIT expte/controllers/default.py: 0
[2019-07-29 00:22:26] EDIT expte/controllers/default.py: 0
[2019-07-29 00:22:40] EDIT expte/controllers/default.py: 0
[2019-07-29 00:22:58] EDIT expte/controllers/default.py: 0
[2019-07-29 00:23:45] EDIT expte/controllers/default.py: 0
[2019-07-29 00:24:24] EDIT expte/controllers/default.py: 0
